# JRE version: OpenJDK Runtime Environment Temurin-21.0.6+7 (21.0.6+7) (build 21.0.6+7-LTS)
# Java VM: OpenJDK 64-Bit Server VM Temurin-21.0.6+7 (21.0.6+7-LTS, mixed mode, emulated-client, sharing, tiered, compressed oops, compressed class ptrs, g1 gc, windows-amd64)
GC Precious Log:
 CardTable entry size: 512
 Card Set container configuration: InlinePtr #cards 4 size 8 Array Of Cards #cards 32 size 80 Howl #buckets 8 coarsen threshold 7372 Howl Bitmap #cards 1024 size 144 coarsen threshold 921 Card regions per heap region 1 cards per card region 8192
 CPUs: 16 total, 16 available
 Memory: 23983M
 Large Page Support: Disabled
 NUMA Support: Disabled
 Compressed Oops: Enabled (Zero based)
 Heap Region Size: 4M
 Heap Min Capacity: 8M
 Heap Initial Capacity: 376M
 Heap Max Capacity: 5996M
 Pre-touch: Disabled
 Parallel Workers: 13
 Concurrent Workers: 3
 Concurrent Refinement Workers: 13
 Periodic GC: Disabled
Heap:
 garbage-first heap   total 151552K, used 101715K [0x0000000689400000, 0x0000000800000000)
  region size 4096K, 14 young (57344K), 1 survivors (4096K)
 Metaspace       used 97720K, committed 98624K, reserved 1179648K
  class space    used 13545K, committed 13952K, reserved 1048576K
GC Heap History (20 events):
Event: 461.224 GC heap before
{Heap before GC invocations=64 (full 3):
 garbage-first heap   total 180224K, used 131729K [0x0000000689400000, 0x0000000800000000)
  region size 4096K, 23 young (94208K), 2 survivors (8192K)
 Metaspace       used 96367K, committed 97216K, reserved 1179648K
  class space    used 13393K, committed 13824K, reserved 1048576K
}
Event: 461.229 GC heap after
{Heap after GC invocations=65 (full 3):
 garbage-first heap   total 217088K, used 59538K [0x0000000689400000, 0x0000000800000000)
  region size 4096K, 3 young (12288K), 3 survivors (12288K)
 Metaspace       used 96367K, committed 97216K, reserved 1179648K
  class space    used 13393K, committed 13824K, reserved 1048576K
}
Event: 461.341 GC heap before
{Heap before GC invocations=65 (full 3):
 garbage-first heap   total 217088K, used 166034K [0x0000000689400000, 0x0000000800000000)
  region size 4096K, 30 young (122880K), 3 survivors (12288K)
 Metaspace       used 96375K, committed 97216K, reserved 1179648K
  class space    used 13395K, committed 13824K, reserved 1048576K
}
Event: 461.348 GC heap after
{Heap after GC invocations=66 (full 3):
 garbage-first heap   total 217088K, used 69348K [0x0000000689400000, 0x0000000800000000)
  region size 4096K, 4 young (16384K), 4 survivors (16384K)
 Metaspace       used 96375K, committed 97216K, reserved 1179648K
  class space    used 13395K, committed 13824K, reserved 1048576K
}
Event: 464.967 GC heap before
{Heap before GC invocations=66 (full 3):
 garbage-first heap   total 217088K, used 85732K [0x0000000689400000, 0x0000000800000000)
  region size 4096K, 9 young (36864K), 4 survivors (16384K)
 Metaspace       used 96444K, committed 97280K, reserved 1179648K
  class space    used 13408K, committed 13824K, reserved 1048576K
}
Event: 465.021 GC heap after
{Heap after GC invocations=67 (full 4):
 garbage-first heap   total 151552K, used 40651K [0x0000000689400000, 0x0000000800000000)
  region size 4096K, 0 young (0K), 0 survivors (0K)
 Metaspace       used 96396K, committed 97280K, reserved 1179648K
  class space    used 13402K, committed 13824K, reserved 1048576K
}
Event: 465.703 GC heap before
{Heap before GC invocations=67 (full 4):
 garbage-first heap   total 151552K, used 114379K [0x0000000689400000, 0x0000000800000000)
  region size 4096K, 19 young (77824K), 0 survivors (0K)
 Metaspace       used 96827K, committed 97600K, reserved 1179648K
  class space    used 13462K, committed 13824K, reserved 1048576K
}
Event: 465.707 GC heap after
{Heap after GC invocations=68 (full 4):
 garbage-first heap   total 151552K, used 47211K [0x0000000689400000, 0x0000000800000000)
  region size 4096K, 2 young (8192K), 2 survivors (8192K)
 Metaspace       used 96827K, committed 97600K, reserved 1179648K
  class space    used 13462K, committed 13824K, reserved 1048576K
}
Event: 466.333 GC heap before
{Heap before GC invocations=69 (full 4):
 garbage-first heap   total 151552K, used 120939K [0x0000000689400000, 0x0000000800000000)
  region size 4096K, 20 young (81920K), 2 survivors (8192K)
 Metaspace       used 97486K, committed 98304K, reserved 1179648K
  class space    used 13519K, committed 13888K, reserved 1048576K
}
Event: 466.337 GC heap after
{Heap after GC invocations=70 (full 4):
 garbage-first heap   total 151552K, used 52195K [0x0000000689400000, 0x0000000800000000)
  region size 4096K, 3 young (12288K), 3 survivors (12288K)
 Metaspace       used 97486K, committed 98304K, reserved 1179648K
  class space    used 13519K, committed 13888K, reserved 1048576K
}
Event: 466.414 GC heap before
{Heap before GC invocations=70 (full 4):
 garbage-first heap   total 151552K, used 117731K [0x0000000689400000, 0x0000000800000000)
  region size 4096K, 20 young (81920K), 3 survivors (12288K)
 Metaspace       used 97486K, committed 98304K, reserved 1179648K
  class space    used 13519K, committed 13888K, reserved 1048576K
}
Event: 466.418 GC heap after
{Heap after GC invocations=71 (full 4):
 garbage-first heap   total 151552K, used 51869K [0x0000000689400000, 0x0000000800000000)
  region size 4096K, 2 young (8192K), 2 survivors (8192K)
 Metaspace       used 97486K, committed 98304K, reserved 1179648K
  class space    used 13519K, committed 13888K, reserved 1048576K
}
Event: 466.608 GC heap before
{Heap before GC invocations=71 (full 4):
 garbage-first heap   total 151552K, used 121501K [0x0000000689400000, 0x0000000800000000)
  region size 4096K, 20 young (81920K), 2 survivors (8192K)
 Metaspace       used 97495K, committed 98304K, reserved 1179648K
  class space    used 13522K, committed 13888K, reserved 1048576K
}
Event: 466.610 GC heap after
{Heap after GC invocations=72 (full 4):
 garbage-first heap   total 151552K, used 51071K [0x0000000689400000, 0x0000000800000000)
  region size 4096K, 2 young (8192K), 2 survivors (8192K)
 Metaspace       used 97495K, committed 98304K, reserved 1179648K
  class space    used 13522K, committed 13888K, reserved 1048576K
}
Event: 484.302 GC heap before
{Heap before GC invocations=73 (full 4):
 garbage-first heap   total 151552K, used 67455K [0x0000000689400000, 0x0000000800000000)
  region size 4096K, 7 young (28672K), 2 survivors (8192K)
 Metaspace       used 97755K, committed 98560K, reserved 1179648K
  class space    used 13549K, committed 13952K, reserved 1048576K
}
Event: 484.305 GC heap after
{Heap after GC invocations=74 (full 4):
 garbage-first heap   total 151552K, used 53021K [0x0000000689400000, 0x0000000800000000)
  region size 4096K, 2 young (8192K), 2 survivors (8192K)
 Metaspace       used 97755K, committed 98560K, reserved 1179648K
  class space    used 13549K, committed 13952K, reserved 1048576K
}
Event: 651.345 GC heap before
{Heap before GC invocations=75 (full 4):
 garbage-first heap   total 151552K, used 122653K [0x0000000689400000, 0x0000000800000000)
  region size 4096K, 19 young (77824K), 2 survivors (8192K)
 Metaspace       used 97738K, committed 98560K, reserved 1179648K
  class space    used 13548K, committed 13952K, reserved 1048576K
}
Event: 651.349 GC heap after
{Heap after GC invocations=76 (full 4):
 garbage-first heap   total 151552K, used 53182K [0x0000000689400000, 0x0000000800000000)
  region size 4096K, 1 young (4096K), 1 survivors (4096K)
 Metaspace       used 97738K, committed 98560K, reserved 1179648K
  class space    used 13548K, committed 13952K, reserved 1048576K
}
Event: 720.697 GC heap before
{Heap before GC invocations=76 (full 4):
 garbage-first heap   total 151552K, used 90046K [0x0000000689400000, 0x0000000800000000)
  region size 4096K, 11 young (45056K), 1 survivors (4096K)
 Metaspace       used 97772K, committed 98624K, reserved 1179648K
  class space    used 13557K, committed 13952K, reserved 1048576K
}
Event: 720.701 GC heap after
{Heap after GC invocations=77 (full 4):
 garbage-first heap   total 151552K, used 52563K [0x0000000689400000, 0x0000000800000000)
  region size 4096K, 1 young (4096K), 1 survivors (4096K)
 Metaspace       used 97772K, committed 98624K, reserved 1179648K
  class space    used 13557K, committed 13952K, reserved 1048576K
}

